<?xml version="1.0" encoding="UTF-8"?>
<!-- Generated by org.testng.reporters.JUnitXMLReporter -->
<testsuite ignored="0" hostname="DESKTOP-PHFPU1U" failures="0" tests="3" name="Default test" time="21.967" errors="0" timestamp="2022-09-12T19:28:24 BDT">
  <testcase classname="TestScenerios.TestMethods_GoogleSearch" name="SearchOperation" time="8.658"/>
  <testcase classname="TestScenerios.TestMethods_GoogleSearch" name="VerifyandAccessFacebook" time="3.067"/>
  <testcase classname="TestScenerios.TestMethods_GoogleSearch" name="VerifyLoginfunctionality" time="6.547"/>
</testsuite> <!-- Default test -->
