<?xml version="1.0" encoding="UTF-8"?>
<testng-results ignored="0" total="3" passed="3" failed="0" skipped="0">
  <reporter-output>
  </reporter-output>
  <suite started-at="2022-09-12T19:28:02 BDT" name="Default suite" finished-at="2022-09-12T19:28:24 BDT" duration-ms="21967">
    <groups>
    </groups>
    <test started-at="2022-09-12T19:28:02 BDT" name="Default test" finished-at="2022-09-12T19:28:24 BDT" duration-ms="21967">
      <class name="TestScenerios.TestMethods_GoogleSearch">
        <test-method is-config="true" signature="beforetest()[pri:0, instance:TestScenerios.TestMethods_GoogleSearch@3c77d488]" started-at="2022-09-12T19:28:02 BDT" name="beforetest" finished-at="2022-09-12T19:28:06 BDT" duration-ms="3534" status="PASS">
          <reporter-output>
          </reporter-output>
        </test-method> <!-- beforetest -->
        <test-method signature="SearchOperation()[pri:0, instance:TestScenerios.TestMethods_GoogleSearch@3c77d488]" started-at="2022-09-12T19:28:06 BDT" name="SearchOperation" finished-at="2022-09-12T19:28:14 BDT" duration-ms="8658" status="PASS">
          <reporter-output>
          </reporter-output>
        </test-method> <!-- SearchOperation -->
        <test-method signature="VerifyandAccessFacebook()[pri:1, instance:TestScenerios.TestMethods_GoogleSearch@3c77d488]" started-at="2022-09-12T19:28:14 BDT" name="VerifyandAccessFacebook" finished-at="2022-09-12T19:28:17 BDT" duration-ms="3067" status="PASS">
          <reporter-output>
          </reporter-output>
        </test-method> <!-- VerifyandAccessFacebook -->
        <test-method signature="VerifyLoginfunctionality()[pri:2, instance:TestScenerios.TestMethods_GoogleSearch@3c77d488]" started-at="2022-09-12T19:28:17 BDT" name="VerifyLoginfunctionality" finished-at="2022-09-12T19:28:24 BDT" duration-ms="6547" status="PASS">
          <reporter-output>
          </reporter-output>
        </test-method> <!-- VerifyLoginfunctionality -->
        <test-method is-config="true" signature="aftertest()[pri:0, instance:TestScenerios.TestMethods_GoogleSearch@3c77d488]" started-at="2022-09-12T19:28:24 BDT" name="aftertest" finished-at="2022-09-12T19:28:24 BDT" duration-ms="122" status="PASS">
          <reporter-output>
          </reporter-output>
        </test-method> <!-- aftertest -->
      </class> <!-- TestScenerios.TestMethods_GoogleSearch -->
    </test> <!-- Default test -->
  </suite> <!-- Default suite -->
</testng-results>
